#-----------------------------------------------------------
# Vivado v2023.2 (64-bit)
# SW Build 4029153 on Fri Oct 13 20:14:34 MDT 2023
# IP Build 4028589 on Sat Oct 14 00:45:43 MDT 2023
# SharedData Build 4025554 on Tue Oct 10 17:18:54 MDT 2023
# Start of session at: Sun May  5 17:28:51 2024
# Process ID: 22160
# Current directory: E:/01_CodeLearning/01_FPGA_Verilog_Prj/02_LEDBlink_20240505/02_Project/LED_Blink
# Command line: vivado.exe -gui_launcher_event rodinguilauncherevent21588 E:\01_CodeLearning\01_FPGA_Verilog_Prj\02_LEDBlink_20240505\02_Project\LED_Blink\LED_Blink.xpr
# Log file: E:/01_CodeLearning/01_FPGA_Verilog_Prj/02_LEDBlink_20240505/02_Project/LED_Blink/vivado.log
# Journal file: E:/01_CodeLearning/01_FPGA_Verilog_Prj/02_LEDBlink_20240505/02_Project/LED_Blink\vivado.jou
# Running On: HongTao, OS: Windows, CPU Frequency: 2208 MHz, CPU Physical cores: 6, Host memory: 25636 MB
#-----------------------------------------------------------
start_gui
open_project E:/01_CodeLearning/01_FPGA_Verilog_Prj/02_LEDBlink_20240505/02_Project/LED_Blink/LED_Blink.xpr
WARNING: [Board 49-26] cannot add Board Part xilinx.com:kcu105:part0:1.6 available at D:/01_SoftWare/07_Vivado/Vivado/2023.2/data/xhub/boards/XilinxBoardStore/boards/Xilinx/kcu105/1.6/board.xml as part xcku040-ffva1156-2-e specified in board_part file is either invalid or not available
WARNING: [Board 49-26] cannot add Board Part xilinx.com:kcu105:part0:1.7 available at D:/01_SoftWare/07_Vivado/Vivado/2023.2/data/xhub/boards/XilinxBoardStore/boards/Xilinx/kcu105/1.7/board.xml as part xcku040-ffva1156-2-e specified in board_part file is either invalid or not available
WARNING: [Board 49-26] cannot add Board Part xilinx.com:kcu116:part0:1.4 available at D:/01_SoftWare/07_Vivado/Vivado/2023.2/data/xhub/boards/XilinxBoardStore/boards/Xilinx/kcu116/1.4/board.xml as part xcku5p-ffvb676-2-e specified in board_part file is either invalid or not available
WARNING: [Board 49-26] cannot add Board Part xilinx.com:kcu116:part0:1.5 available at D:/01_SoftWare/07_Vivado/Vivado/2023.2/data/xhub/boards/XilinxBoardStore/boards/Xilinx/kcu116/1.5/board.xml as part xcku5p-ffvb676-2-e specified in board_part file is either invalid or not available
WARNING: [Board 49-26] cannot add Board Part xilinx.com:kcu1500:part0:1.2 available at D:/01_SoftWare/07_Vivado/Vivado/2023.2/data/xhub/boards/XilinxBoardStore/boards/Xilinx/kcu1500/1.2/board.xml as part xcku115-flvb2104-2-e specified in board_part file is either invalid or not available
WARNING: [Board 49-26] cannot add Board Part xilinx.com:vck190:part0:2.2 available at D:/01_SoftWare/07_Vivado/Vivado/2023.2/data/xhub/boards/XilinxBoardStore/boards/Xilinx/vck190/production/2.2/board.xml as part xcvc1902-vsva2197-2mp-e-s specified in board_part file is either invalid or not available
WARNING: [Board 49-26] cannot add Board Part xilinx.com:vck190:part0:3.0 available at D:/01_SoftWare/07_Vivado/Vivado/2023.2/data/xhub/boards/XilinxBoardStore/boards/Xilinx/vck190/production/3.0/board.xml as part xcvc1902-vsva2197-2mp-e-s specified in board_part file is either invalid or not available
WARNING: [Board 49-26] cannot add Board Part xilinx.com:vck190:part0:3.1 available at D:/01_SoftWare/07_Vivado/Vivado/2023.2/data/xhub/boards/XilinxBoardStore/boards/Xilinx/vck190/production/3.1/board.xml as part xcvc1902-vsva2197-2mp-e-s specified in board_part file is either invalid or not available
WARNING: [Board 49-26] cannot add Board Part xilinx.com:vck190:part0:3.2 available at D:/01_SoftWare/07_Vivado/Vivado/2023.2/data/xhub/boards/XilinxBoardStore/boards/Xilinx/vck190/production/3.2/board.xml as part xcvc1902-vsva2197-2mp-e-s specified in board_part file is either invalid or not available
WARNING: [Board 49-26] cannot add Board Part xilinx.com:vck190_newl:part0:1.0 available at D:/01_SoftWare/07_Vivado/Vivado/2023.2/data/xhub/boards/XilinxBoardStore/boards/Xilinx/vck190_newl/production/1.0/board.xml as part xcvc1902-vsva2197-2mp-e-s specified in board_part file is either invalid or not available
WARNING: [Board 49-26] cannot add Board Part xilinx.com:vck190_newl:part0:1.1 available at D:/01_SoftWare/07_Vivado/Vivado/2023.2/data/xhub/boards/XilinxBoardStore/boards/Xilinx/vck190_newl/production/1.1/board.xml as part xcvc1902-vsva2197-2mp-e-s specified in board_part file is either invalid or not available
WARNING: [Board 49-26] cannot add Board Part xilinx.com:vcu108:part0:1.6 available at D:/01_SoftWare/07_Vivado/Vivado/2023.2/data/xhub/boards/XilinxBoardStore/boards/Xilinx/vcu108/1.6/board.xml as part xcvu095-ffva2104-2-e specified in board_part file is either invalid or not available
WARNING: [Board 49-26] cannot add Board Part xilinx.com:vcu108:part0:1.7 available at D:/01_SoftWare/07_Vivado/Vivado/2023.2/data/xhub/boards/XilinxBoardStore/boards/Xilinx/vcu108/1.7/board.xml as part xcvu095-ffva2104-2-e specified in board_part file is either invalid or not available
WARNING: [Board 49-26] cannot add Board Part xilinx.com:vcu110:part0:1.4 available at D:/01_SoftWare/07_Vivado/Vivado/2023.2/data/xhub/boards/XilinxBoardStore/boards/Xilinx/vcu110/1.4/board.xml as part xcvu190-flgc2104-2-e specified in board_part file is either invalid or not available
WARNING: [Board 49-26] cannot add Board Part xilinx.com:vcu118:part0:2.0 available at D:/01_SoftWare/07_Vivado/Vivado/2023.2/data/xhub/boards/XilinxBoardStore/boards/Xilinx/vcu118/2.0/board.xml as part xcvu9p-flga2104-2l-e specified in board_part file is either invalid or not available
WARNING: [Board 49-26] cannot add Board Part xilinx.com:vcu118:part0:2.3 available at D:/01_SoftWare/07_Vivado/Vivado/2023.2/data/xhub/boards/XilinxBoardStore/boards/Xilinx/vcu118/2.3/board.xml as part xcvu9p-flga2104-2l-e specified in board_part file is either invalid or not available
WARNING: [Board 49-26] cannot add Board Part xilinx.com:vcu118:part0:2.4 available at D:/01_SoftWare/07_Vivado/Vivado/2023.2/data/xhub/boards/XilinxBoardStore/boards/Xilinx/vcu118/2.4/board.xml as part xcvu9p-flga2104-2l-e specified in board_part file is either invalid or not available
WARNING: [Board 49-26] cannot add Board Part xilinx.com:vcu128:part0:1.0 available at D:/01_SoftWare/07_Vivado/Vivado/2023.2/data/xhub/boards/XilinxBoardStore/boards/Xilinx/vcu128/production/1.0/board.xml as part xcvu37p-fsvh2892-2l-e specified in board_part file is either invalid or not available
WARNING: [Board 49-26] cannot add Board Part xilinx.com:vcu129:part0:1.0 available at D:/01_SoftWare/07_Vivado/Vivado/2023.2/data/xhub/boards/XilinxBoardStore/boards/Xilinx/vcu129/production/1.0/board.xml as part xcvu29p-fsga2577-2l-e specified in board_part file is either invalid or not available
WARNING: [Board 49-26] cannot add Board Part xilinx.com:vcu1525:part0:1.3 available at D:/01_SoftWare/07_Vivado/Vivado/2023.2/data/xhub/boards/XilinxBoardStore/boards/Xilinx/vcu1525/1.3/board.xml as part xcvu9p-fsgd2104-2l-e specified in board_part file is either invalid or not available
WARNING: [Board 49-26] cannot add Board Part xilinx.com:vek280:part0:1.0 available at D:/01_SoftWare/07_Vivado/Vivado/2023.2/data/xhub/boards/XilinxBoardStore/boards/Xilinx/vek280/production/1.0/board.xml as part xcve2802-vsvh1760-2mp-e-s specified in board_part file is either invalid or not available
WARNING: [Board 49-26] cannot add Board Part xilinx.com:vek280_es:part0:1.0 available at D:/01_SoftWare/07_Vivado/Vivado/2023.2/data/xhub/boards/XilinxBoardStore/boards/Xilinx/vek280/es/rev_a/1.0/board.xml as part xcve2802-vsvh1760-2lp-e-s-es1 specified in board_part file is either invalid or not available
WARNING: [Board 49-26] cannot add Board Part xilinx.com:vek280_es:part0:1.1 available at D:/01_SoftWare/07_Vivado/Vivado/2023.2/data/xhub/boards/XilinxBoardStore/boards/Xilinx/vek280/es/rev_a/1.1/board.xml as part xcve2802-vsvh1760-2lp-e-s-es1 specified in board_part file is either invalid or not available
WARNING: [Board 49-26] cannot add Board Part xilinx.com:vek280_es_revb:part0:1.0 available at D:/01_SoftWare/07_Vivado/Vivado/2023.2/data/xhub/boards/XilinxBoardStore/boards/Xilinx/vek280/es/rev_b/1.0/board.xml as part xcve2802-vsvh1760-2mp-e-s-es1 specified in board_part file is either invalid or not available
WARNING: [Board 49-26] cannot add Board Part xilinx.com:vek280_es_revb:part0:1.1 available at D:/01_SoftWare/07_Vivado/Vivado/2023.2/data/xhub/boards/XilinxBoardStore/boards/Xilinx/vek280/es/rev_b/1.1/board.xml as part xcve2802-vsvh1760-2mp-e-s-es1 specified in board_part file is either invalid or not available
WARNING: [Board 49-26] cannot add Board Part xilinx.com:vhk158:part0:1.0 available at D:/01_SoftWare/07_Vivado/Vivado/2023.2/data/xhub/boards/XilinxBoardStore/boards/Xilinx/vhk158/production/1.0/board.xml as part xcvh1582-vsva3697-2mp-e-s specified in board_part file is either invalid or not available
WARNING: [Board 49-26] cannot add Board Part xilinx.com:vhk158:part0:1.1 available at D:/01_SoftWare/07_Vivado/Vivado/2023.2/data/xhub/boards/XilinxBoardStore/boards/Xilinx/vhk158/production/1.1/board.xml as part xcvh1582-vsva3697-2mp-e-s specified in board_part file is either invalid or not available
WARNING: [Board 49-26] cannot add Board Part xilinx.com:vhk158_es:part0:1.0 available at D:/01_SoftWare/07_Vivado/Vivado/2023.2/data/xhub/boards/XilinxBoardStore/boards/Xilinx/vhk158/es/1.0/board.xml as part xcvh1582-vsva3697-2mp-e-s-es1 specified in board_part file is either invalid or not available
WARNING: [Board 49-26] cannot add Board Part xilinx.com:vhk158_es:part0:1.1 available at D:/01_SoftWare/07_Vivado/Vivado/2023.2/data/xhub/boards/XilinxBoardStore/boards/Xilinx/vhk158/es/1.1/board.xml as part xcvh1582-vsva3697-2mp-e-s-es1 specified in board_part file is either invalid or not available
WARNING: [Board 49-26] cannot add Board Part xilinx.com:vmk180:part0:2.2 available at D:/01_SoftWare/07_Vivado/Vivado/2023.2/data/xhub/boards/XilinxBoardStore/boards/Xilinx/vmk180/production/2.2/board.xml as part xcvm1802-vsva2197-2mp-e-s specified in board_part file is either invalid or not available
WARNING: [Board 49-26] cannot add Board Part xilinx.com:vmk180:part0:3.0 available at D:/01_SoftWare/07_Vivado/Vivado/2023.2/data/xhub/boards/XilinxBoardStore/boards/Xilinx/vmk180/production/3.0/board.xml as part xcvm1802-vsva2197-2mp-e-s specified in board_part file is either invalid or not available
WARNING: [Board 49-26] cannot add Board Part xilinx.com:vmk180:part0:3.1 available at D:/01_SoftWare/07_Vivado/Vivado/2023.2/data/xhub/boards/XilinxBoardStore/boards/Xilinx/vmk180/production/3.1/board.xml as part xcvm1802-vsva2197-2mp-e-s specified in board_part file is either invalid or not available
WARNING: [Board 49-26] cannot add Board Part xilinx.com:vmk180:part0:3.2 available at D:/01_SoftWare/07_Vivado/Vivado/2023.2/data/xhub/boards/XilinxBoardStore/boards/Xilinx/vmk180/production/3.2/board.xml as part xcvm1802-vsva2197-2mp-e-s specified in board_part file is either invalid or not available
WARNING: [Board 49-26] cannot add Board Part xilinx.com:vmk180_newl:part0:1.0 available at D:/01_SoftWare/07_Vivado/Vivado/2023.2/data/xhub/boards/XilinxBoardStore/boards/Xilinx/vmk180_newl/production/1.0/board.xml as part xcvm1802-vsva2197-2mp-e-s specified in board_part file is either invalid or not available
WARNING: [Board 49-26] cannot add Board Part xilinx.com:vmk180_newl:part0:1.1 available at D:/01_SoftWare/07_Vivado/Vivado/2023.2/data/xhub/boards/XilinxBoardStore/boards/Xilinx/vmk180_newl/production/1.1/board.xml as part xcvm1802-vsva2197-2mp-e-s specified in board_part file is either invalid or not available
WARNING: [Board 49-26] cannot add Board Part xilinx.com:vpk120:part0:1.0 available at D:/01_SoftWare/07_Vivado/Vivado/2023.2/data/xhub/boards/XilinxBoardStore/boards/Xilinx/vpk120/production/1.0/board.xml as part xcvp1202-vsva2785-2mp-e-s specified in board_part file is either invalid or not available
WARNING: [Board 49-26] cannot add Board Part xilinx.com:vpk120:part0:1.1 available at D:/01_SoftWare/07_Vivado/Vivado/2023.2/data/xhub/boards/XilinxBoardStore/boards/Xilinx/vpk120/production/1.1/board.xml as part xcvp1202-vsva2785-2mp-e-s specified in board_part file is either invalid or not available
WARNING: [Board 49-26] cannot add Board Part xilinx.com:vpk120:part0:1.2 available at D:/01_SoftWare/07_Vivado/Vivado/2023.2/data/xhub/boards/XilinxBoardStore/boards/Xilinx/vpk120/production/1.2/board.xml as part xcvp1202-vsva2785-2mp-e-s specified in board_part file is either invalid or not available
WARNING: [Board 49-26] cannot add Board Part xilinx.com:vpk180:part0:1.0 available at D:/01_SoftWare/07_Vivado/Vivado/2023.2/data/xhub/boards/XilinxBoardStore/boards/Xilinx/vpk180/production/1.0/board.xml as part xcvp1802-lsvc4072-2mp-e-s specified in board_part file is either invalid or not available
WARNING: [Board 49-26] cannot add Board Part xilinx.com:vpk180:part0:1.1 available at D:/01_SoftWare/07_Vivado/Vivado/2023.2/data/xhub/boards/XilinxBoardStore/boards/Xilinx/vpk180/production/1.1/board.xml as part xcvp1802-lsvc4072-2mp-e-s specified in board_part file is either invalid or not available
WARNING: [Board 49-26] cannot add Board Part xilinx.com:zcu208ld:part0:2.0 available at D:/01_SoftWare/07_Vivado/Vivado/2023.2/data/xhub/boards/XilinxBoardStore/boards/Xilinx/zcu208ld/production/2.0/board.xml as part xczu58dr-fsvg1517-2-i specified in board_part file is either invalid or not available
WARNING: [Board 49-26] cannot add Board Part xilinx.com:zcu216ld:part0:2.0 available at D:/01_SoftWare/07_Vivado/Vivado/2023.2/data/xhub/boards/XilinxBoardStore/boards/Xilinx/zcu216ld/production/2.0/board.xml as part xczu59dr-ffvf1760-2-i specified in board_part file is either invalid or not available
WARNING: [Board 49-26] cannot add Board Part xilinx.com:zcu670:part0:2.0 available at D:/01_SoftWare/07_Vivado/Vivado/2023.2/data/xhub/boards/XilinxBoardStore/boards/Xilinx/zcu670/2.0/board.xml as part xczu67dr-fsve1156-2-i specified in board_part file is either invalid or not available
WARNING: [Board 49-26] cannot add Board Part xilinx.com:zcu670ld:part0:1.0 available at D:/01_SoftWare/07_Vivado/Vivado/2023.2/data/xhub/boards/XilinxBoardStore/boards/Xilinx/zcu670ld/1.0/board.xml as part xczu57dr-fsve1156-2-i specified in board_part file is either invalid or not available
INFO: [filemgmt 56-3] Default IP Output Path : Could not find the directory 'E:/01_CodeLearning/01_FPGA_Verilog_Prj/02_LEDBlink_20240505/02_Project/LED_Blink/LED_Blink.gen/sources_1'.
Scanning sources...
Finished scanning sources
INFO: [IP_Flow 19-234] Refreshing IP repositories
INFO: [IP_Flow 19-1704] No user IP repositories specified
INFO: [IP_Flow 19-2313] Loaded Vivado IP repository 'D:/01_SoftWare/07_Vivado/Vivado/2023.2/data/ip'.
open_project: Time (s): cpu = 00:00:14 ; elapsed = 00:00:19 . Memory (MB): peak = 1463.395 ; gain = 290.965
close [ open E:/01_CodeLearning/01_FPGA_Verilog_Prj/02_LedBlink_20240505/03_Source/CLK_DIV_module.v w ]
add_files E:/01_CodeLearning/01_FPGA_Verilog_Prj/02_LedBlink_20240505/03_Source/CLK_DIV_module.v
close [ open E:/01_CodeLearning/01_FPGA_Verilog_Prj/02_LedBlink_20240505/03_Source/LED_TOP.v w ]
add_files E:/01_CodeLearning/01_FPGA_Verilog_Prj/02_LedBlink_20240505/03_Source/LED_TOP.v
close [ open E:/01_CodeLearning/01_FPGA_Verilog_Prj/02_LedBlink_20240505/03_Source/LED_Driver.v w ]
add_files E:/01_CodeLearning/01_FPGA_Verilog_Prj/02_LedBlink_20240505/03_Source/LED_Driver.v
update_compile_order -fileset sources_1
update_compile_order -fileset sources_1
update_compile_order -fileset sources_1
update_compile_order -fileset sources_1
update_compile_order -fileset sources_1
INFO: [Device 21-403] Loading part xc7z020clg400-2
create_ip -name clk_wiz -vendor xilinx.com -library ip -version 6.0 -module_name CLK_PLL
set_property -dict [list \
  CONFIG.CLKIN1_JITTER_PS {200.0} \
  CONFIG.CLKOUT1_DRIVES {BUFG} \
  CONFIG.CLKOUT1_JITTER {943.481} \
  CONFIG.CLKOUT1_PHASE_ERROR {919.522} \
  CONFIG.CLKOUT1_REQUESTED_OUT_FREQ {5.00} \
  CONFIG.CLKOUT2_DRIVES {BUFG} \
  CONFIG.CLKOUT3_DRIVES {BUFG} \
  CONFIG.CLKOUT4_DRIVES {BUFG} \
  CONFIG.CLKOUT5_DRIVES {BUFG} \
  CONFIG.CLKOUT6_DRIVES {BUFG} \
  CONFIG.CLKOUT7_DRIVES {BUFG} \
  CONFIG.FEEDBACK_SOURCE {FDBK_AUTO} \
  CONFIG.MMCM_BANDWIDTH {OPTIMIZED} \
  CONFIG.MMCM_CLKFBOUT_MULT_F {64.000} \
  CONFIG.MMCM_CLKIN1_PERIOD {20.000} \
  CONFIG.MMCM_CLKIN2_PERIOD {10.000} \
  CONFIG.MMCM_CLKOUT0_DIVIDE_F {128.000} \
  CONFIG.MMCM_COMPENSATION {ZHOLD} \
  CONFIG.MMCM_DIVCLK_DIVIDE {5} \
  CONFIG.PRIMITIVE {MMCM} \
  CONFIG.PRIM_IN_FREQ {50.000} \
  CONFIG.USE_RESET {false} \
] [get_ips CLK_PLL]
generate_target {instantiation_template} [get_files e:/01_CodeLearning/01_FPGA_Verilog_Prj/02_LEDBlink_20240505/02_Project/LED_Blink/LED_Blink.srcs/sources_1/ip/CLK_PLL/CLK_PLL.xci]
INFO: [IP_Flow 19-1686] Generating 'Instantiation Template' target for IP 'CLK_PLL'...
update_compile_order -fileset sources_1
generate_target all [get_files  e:/01_CodeLearning/01_FPGA_Verilog_Prj/02_LEDBlink_20240505/02_Project/LED_Blink/LED_Blink.srcs/sources_1/ip/CLK_PLL/CLK_PLL.xci]
INFO: [IP_Flow 19-1686] Generating 'Synthesis' target for IP 'CLK_PLL'...
INFO: [IP_Flow 19-1686] Generating 'Simulation' target for IP 'CLK_PLL'...
INFO: [IP_Flow 19-1686] Generating 'Implementation' target for IP 'CLK_PLL'...
INFO: [IP_Flow 19-1686] Generating 'Change Log' target for IP 'CLK_PLL'...
catch { config_ip_cache -export [get_ips -all CLK_PLL] }
INFO: [IP_Flow 19-6924] IPCACHE: Running cache check for IP inst: CLK_PLL
export_ip_user_files -of_objects [get_files e:/01_CodeLearning/01_FPGA_Verilog_Prj/02_LEDBlink_20240505/02_Project/LED_Blink/LED_Blink.srcs/sources_1/ip/CLK_PLL/CLK_PLL.xci] -no_script -sync -force -quiet
INFO: [Vivado 12-23855] The given sub-design is auto disabled, no action will be taken: 'e:/01_CodeLearning/01_FPGA_Verilog_Prj/02_LEDBlink_20240505/02_Project/LED_Blink/LED_Blink.srcs/sources_1/ip/CLK_PLL/CLK_PLL.xci'
export_simulation -of_objects [get_files e:/01_CodeLearning/01_FPGA_Verilog_Prj/02_LEDBlink_20240505/02_Project/LED_Blink/LED_Blink.srcs/sources_1/ip/CLK_PLL/CLK_PLL.xci] -directory E:/01_CodeLearning/01_FPGA_Verilog_Prj/02_LEDBlink_20240505/02_Project/LED_Blink/LED_Blink.ip_user_files/sim_scripts -ip_user_files_dir E:/01_CodeLearning/01_FPGA_Verilog_Prj/02_LEDBlink_20240505/02_Project/LED_Blink/LED_Blink.ip_user_files -ipstatic_source_dir E:/01_CodeLearning/01_FPGA_Verilog_Prj/02_LEDBlink_20240505/02_Project/LED_Blink/LED_Blink.ip_user_files/ipstatic -lib_map_path [list {modelsim=E:/01_CodeLearning/01_FPGA_Verilog_Prj/02_LEDBlink_20240505/02_Project/LED_Blink/LED_Blink.cache/compile_simlib/modelsim} {questa=E:/01_CodeLearning/01_FPGA_Verilog_Prj/02_LEDBlink_20240505/02_Project/LED_Blink/LED_Blink.cache/compile_simlib/questa} {riviera=E:/01_CodeLearning/01_FPGA_Verilog_Prj/02_LEDBlink_20240505/02_Project/LED_Blink/LED_Blink.cache/compile_simlib/riviera} {activehdl=E:/01_CodeLearning/01_FPGA_Verilog_Prj/02_LEDBlink_20240505/02_Project/LED_Blink/LED_Blink.cache/compile_simlib/activehdl}] -use_ip_compiled_libs -force -quiet
update_compile_order -fileset sources_1
update_compile_order -fileset sources_1
update_compile_order -fileset sources_1
update_compile_order -fileset sources_1
launch_runs synth_1 -jobs 12
INFO: [IP_Flow 19-6924] IPCACHE: Running cache check for IP inst: CLK_PLL
WARNING: [Vivado 12-7122] Auto Incremental Compile:: No reference checkpoint was found in run synth_1. Auto-incremental flow will not be run, the standard flow will be run instead.
[Sun May  5 23:02:41 2024] Launched CLK_PLL_synth_1...
Run output will be captured here: E:/01_CodeLearning/01_FPGA_Verilog_Prj/02_LEDBlink_20240505/02_Project/LED_Blink/LED_Blink.runs/CLK_PLL_synth_1/runme.log
[Sun May  5 23:02:41 2024] Launched synth_1...
Run output will be captured here: E:/01_CodeLearning/01_FPGA_Verilog_Prj/02_LEDBlink_20240505/02_Project/LED_Blink/LED_Blink.runs/synth_1/runme.log
reset_run synth_1
launch_runs synth_1 -jobs 12
WARNING: [Vivado 12-7122] Auto Incremental Compile:: No reference checkpoint was found in run synth_1. Auto-incremental flow will not be run, the standard flow will be run instead.
[Sun May  5 23:07:12 2024] Launched synth_1...
Run output will be captured here: E:/01_CodeLearning/01_FPGA_Verilog_Prj/02_LEDBlink_20240505/02_Project/LED_Blink/LED_Blink.runs/synth_1/runme.log
exit
INFO: [Common 17-206] Exiting Vivado at Mon May  6 00:07:39 2024...
